<?xml version="1.0" encoding="UTF-8"?>
<!-- Generated by org.testng.reporters.JUnitReportReporter -->
<testsuite skipped="0" hostname="LAPTOP-KNLIASVN" name="com.herokuapp.testsuite.LoginPageTest" tests="3" failures="0" timestamp="2022-12-14T00:28:24 IST" time="38.448" errors="0">
  <testcase name="verifyThePasswordErrorMessage" time="12.074" classname="com.herokuapp.testsuite.LoginPageTest"/>
  <system-out>
    <![CDATA[Enter user name 
Enter password  
Click on login button Login
Verify invalid user and password message Your password is invalid!
×]]>
  </system-out>
  <testcase name="verifyTheUsernameErrorMessage" time="12.881" classname="com.herokuapp.testsuite.LoginPageTest"/>
  <system-out>
    <![CDATA[Enter user name 
Enter password  
Click on login button Login
Verify invalid user and password message Your username is invalid!
×]]>
  </system-out>
  <testcase name="UserSholdLoginSuccessfullyWithValidCredentials" time="13.493" classname="com.herokuapp.testsuite.LoginPageTest"/>
  <system-out>
    <![CDATA[Enter user name 
Enter password  
Click on login button Login
Verify login successful text Secure Area]]>
  </system-out>
</testsuite> <!-- com.herokuapp.testsuite.LoginPageTest -->
